Using pre-set license
Built from '2020.3/china_unity/release' branch; Version is '2020.3.12f1c1 (5887f62ce680) revision 5801974'; Using compiler version '192528614'; Build Type 'Release'
OS: 'Windows 10 Home; OS build 19043.1526; Version 2009; 64bit' Language: 'zh' Physical Memory: 65310 MB
BatchMode: 1, IsHumanControllingUs: 0, StartBugReporterOnCrash: 0, Is64bit: 1, IsPro: 0

 COMMAND LINE ARGUMENTS:
C:\Program Files\Unity\Hub\Editor\2020.3.12f1c1\Editor\Unity.exe
-adb2
-batchMode
-noUpm
-name
AssetImportWorker0
-projectPath
D:/UnityProject/UnityToolsGIT/ToolsDevProject
-logFile
Logs/AssetImportWorker0.log
-srvPort
58369
Successfully changed project path to: D:/UnityProject/UnityToolsGIT/ToolsDevProject
D:/UnityProject/UnityToolsGIT/ToolsDevProject
Using Asset Import Pipeline V2.
Refreshing native plugins compatible for Editor in 33.10 ms, found 3 plugins.
Preloading 0 native plugins for Editor in 0.00 ms.
Initialize engine version: 2020.3.12f1c1 (5887f62ce680)
[Subsystems] Discovering subsystems at path C:/Program Files/Unity/Hub/Editor/2020.3.12f1c1/Editor/Data/Resources/UnitySubsystems
[Subsystems] Discovering subsystems at path D:/UnityProject/UnityToolsGIT/ToolsDevProject/Assets
GfxDevice: creating device client; threaded=0
Direct3D:
    Version:  Direct3D 11.0 [level 11.1]
    Renderer: NVIDIA GeForce RTX 2060 (ID=0x1f08)
    Vendor:   
    VRAM:     5980 MB
    Driver:   27.21.14.6663
Shader 'TopJoy/Stencil/Unlit': fallback shader 'Transparent' not found
Shader 'TopJoy/Stencil/ParticalAdd': fallback shader 'TransParent' not found
Shader 'TopJoy/Stencil/TproMask': fallback shader 'Transparent' not found
Shader 'TopJoy/Stencil/MaskClip': fallback shader 'Transparent' not found
Shader 'TopJoy/Stencil/Mask': fallback shader 'Transparent' not found
Initialize mono
Mono path[0] = 'C:/Program Files/Unity/Hub/Editor/2020.3.12f1c1/Editor/Data/Managed'
Mono path[1] = 'C:/Program Files/Unity/Hub/Editor/2020.3.12f1c1/Editor/Data/MonoBleedingEdge/lib/mono/unityjit'
Mono config path = 'C:/Program Files/Unity/Hub/Editor/2020.3.12f1c1/Editor/Data/MonoBleedingEdge/etc'
Using monoOptions --debugger-agent=transport=dt_socket,embedding=1,server=y,suspend=n,address=127.0.0.1:56604
Begin MonoManager ReloadAssembly
Registering precompiled unity dll's ...
Register platform support module: C:/Program Files/Unity/Hub/Editor/2020.3.12f1c1/Editor/Data/PlaybackEngines/WindowsStandaloneSupport/UnityEditor.WindowsStandalone.Extensions.dll
Registered in 0.001611 seconds.
Native extension for WindowsStandalone target not found
Refreshing native plugins compatible for Editor in 28.89 ms, found 3 plugins.
Preloading 0 native plugins for Editor in 0.00 ms.
Mono: successfully reloaded assembly
- Completed reload, in  0.702 seconds
Platform modules already initialized, skipping
Registering precompiled user dll's ...
Registered in 0.004450 seconds.
Begin MonoManager ReloadAssembly
Native extension for WindowsStandalone target not found
Refreshing native plugins compatible for Editor in 0.48 ms, found 3 plugins.
Preloading 0 native plugins for Editor in 0.00 ms.
Mono: successfully reloaded assembly
- Completed reload, in  1.135 seconds
Platform modules already initialized, skipping
========================================================================
Worker process is ready to serve import requests
Shader 'TopJoy/Stencil/Mask': fallback shader 'Transparent' not found
Shader 'TopJoy/Stencil/Unlit': fallback shader 'Transparent' not found
Shader 'TopJoy/Stencil/ParticalAdd': fallback shader 'TransParent' not found
Shader 'TopJoy/Stencil/TproMask': fallback shader 'Transparent' not found
Shader 'TopJoy/Stencil/MaskClip': fallback shader 'Transparent' not found
Launched and connected shader compiler UnityShaderCompiler.exe after 0.05 seconds
Refreshing native plugins compatible for Editor in 0.46 ms, found 3 plugins.
Preloading 0 native plugins for Editor in 0.00 ms.
Unloading 1950 Unused Serialized files (Serialized files now loaded: 0)
System memory in use before: 121.1 MB.
System memory in use after: 114.1 MB.

Unloading 105 unused Assets to reduce memory usage. Loaded Objects now: 2378.
Total: 21.873200 ms (FindLiveObjects: 0.267600 ms CreateObjectMapping: 0.086500 ms MarkObjects: 18.701000 ms  DeleteObjects: 2.816300 ms)

AssetImportParameters requested are different than current active one (requested -> active):
  custom:framework-win-MediaFoundation: 216162199b28c13a410421893ffa2e32 -> 
  custom:video-decoder-ogg-theora: a1e56fd34408186e4bbccfd4996cb3dc -> 
  custom:container-muxer-webm: aa71ff27fc2769a1b78a27578f13a17b -> 
  custom:container-demuxer-webm: 4f35f7cbe854078d1ac9338744f61a02 -> 
  custom:container-demuxer-ogg: 62fdf1f143b41e24485cea50d1cbac27 -> 
  custom:video-encoder-webm-vp8: eb34c28f22e8b96e1ab97ce403110664 -> 
  custom:video-decoder-webm-vp8: 9c59270c3fd7afecdb556c50c9e8de78 -> 
  custom:audio-decoder-ogg-vorbis: bf7c407c2cedff20999df2af8eb42d56 -> 
  custom:audio-encoder-webm-vorbis: bf7c407c2cedff20999df2af8eb42d56 -> 
========================================================================
Received Import Request.
  path: Assets/Shaders/T4M
  artifactKey: Guid(f34174f3069cbd84c815f76d73f02801) Importer(815301076,1909f56bfc062723c751e8b465ee728b)
Start importing Assets/Shaders/T4M using Guid(f34174f3069cbd84c815f76d73f02801) Importer(815301076,1909f56bfc062723c751e8b465ee728b)  -> (artifact id: '43ff9136615e42fc56eed5515fb70e85') in 0.004505 seconds 
  Import took 0.141993 seconds .

========================================================================
Received Import Request.
  Time since last request: 0.000233 seconds.
  path: Assets/Shaders/T4M/FiveLayer.shader
  artifactKey: Guid(b0cadce75d5a70b458057a73674b7f18) Importer(815301076,1909f56bfc062723c751e8b465ee728b)
Start importing Assets/Shaders/T4M/FiveLayer.shader using Guid(b0cadce75d5a70b458057a73674b7f18) Importer(815301076,1909f56bfc062723c751e8b465ee728b)  -> (artifact id: '955c3fd39b8ca4c993b250e99e12f897') in 0.136027 seconds 
  Import took 0.155845 seconds .

========================================================================
Received Import Request.
  Time since last request: 6.700634 seconds.
  path: Assets/Shaders/Tex/CombineChannel.shader
  artifactKey: Guid(625ba8fbd4ae1484f87ec7d94af6aaf2) Importer(815301076,1909f56bfc062723c751e8b465ee728b)
Start importing Assets/Shaders/Tex/CombineChannel.shader using Guid(625ba8fbd4ae1484f87ec7d94af6aaf2) Importer(815301076,1909f56bfc062723c751e8b465ee728b)  -> (artifact id: '798a7353375731510898e1b67cb6f0b3') in 0.001917 seconds 
  Import took 0.004374 seconds .

AssetImportWorkerClient::OnTransportError - code=2 error=End of file
